<?xml version="1.0" encoding="UTF-8"?>
<!-- Generated by org.testng.reporters.JUnitReportReporter -->
<testsuite skipped="0" hostname="atauser9-PC" name="com.crm.qa.tests.ContactsPageTest" tests="2" failures="0" timestamp="2020-04-24T00:06:30 CDT" time="0.481" errors="0">
  <testcase name="validateHeaderTest" time="0.159" classname="com.crm.qa.tests.ContactsPageTest"/>
  <system-out/>
  <testcase name="validateContactsTable" time="0.322" classname="com.crm.qa.tests.ContactsPageTest"/>
  <system-out/>
</testsuite> <!-- com.crm.qa.tests.ContactsPageTest -->
